<?xml version="1.0" encoding="UTF-8"?>
<!-- Generated by org.testng.reporters.JUnitReportReporter -->
<testsuite hostname="pc0557" failures="0" tests="1" name="jenkins_12.accessingElements" time="27.068" errors="0" timestamp="2023-06-28T15:24:55 IST" skipped="0">
  <testcase classname="jenkins_12.accessingElements" name="Tutorialslogin" time="27.068"/>
  <system-out/>
</testsuite> <!-- jenkins_12.accessingElements -->
